2026-02-19 12:08:43,561 [Worker-6: Loading available Gradle versions] INFO  o.e.b.c.i.u.g.PublishedGradleVersions - Gradle version information cache is not available. Remote download required.
2026-02-19 12:09:32,507 [Worker-5: Building] INFO  o.e.m.c.i.l.LifecycleMappingFactory - Using org.eclipse.m2e.jdt.JarLifecycleMapping lifecycle mapping for MavenProject: CarrerSathi:CarrerSathi:0.0.1-SNAPSHOT @ C:\GitHub\Java & SpringBoot\CollegeMajorProject\CarrerSathi\CarrerSathi\pom.xml.
2026-02-19 12:09:42,907 [Worker-5: Building] INFO  o.a.m.s.f.DefaultMavenResourcesFiltering - Copying 1 resource from src\main\resources to target\classes
2026-02-19 12:09:42,950 [Worker-5: Building] INFO  o.a.m.s.f.DefaultMavenResourcesFiltering - Copying 7 resources from src\main\resources to target\classes
2026-02-19 12:09:43,014 [Worker-5: Building] INFO  o.a.m.s.f.DefaultMavenResourcesFiltering - skip non existing resourceDirectory C:\GitHub\Java & SpringBoot\CollegeMajorProject\CarrerSathi\CarrerSathi\src\test\resources
2026-02-19 12:09:43,994 [Worker-16: Updating Maven Dependencies] INFO  o.e.m.c.i.l.LifecycleMappingFactory - Using org.eclipse.m2e.jdt.JarLifecycleMapping lifecycle mapping for MavenProject: CarrerSathi:CarrerSathi:0.0.1-SNAPSHOT @ C:\GitHub\Java & SpringBoot\CollegeMajorProject\CarrerSathi\CarrerSathi\pom.xml.
2026-02-19 12:09:45,082 [Worker-3: Building] INFO  o.a.m.s.f.DefaultMavenResourcesFiltering - Copying 1 resource from src\main\resources to target\classes
2026-02-19 12:09:45,108 [Worker-3: Building] INFO  o.a.m.s.f.DefaultMavenResourcesFiltering - Copying 7 resources from src\main\resources to target\classes
2026-02-19 12:09:45,174 [Worker-3: Building] INFO  o.a.m.s.f.DefaultMavenResourcesFiltering - skip non existing resourceDirectory C:\GitHub\Java & SpringBoot\CollegeMajorProject\CarrerSathi\CarrerSathi\src\test\resources
2026-02-19 12:22:21,173 [Worker-0: Loading available Gradle versions] INFO  o.e.b.c.i.u.g.PublishedGradleVersions - Gradle version information cache is up-to-date. Trying to read.
2026-02-20 00:12:04,634 [Worker-6: Loading available Gradle versions] INFO  o.e.b.c.i.u.g.PublishedGradleVersions - Gradle version information cache is up-to-date. Trying to read.
2026-02-20 00:14:27,291 [Worker-4: Loading available Gradle versions] INFO  o.e.b.c.i.u.g.PublishedGradleVersions - Gradle version information cache is up-to-date. Trying to read.
2026-02-20 00:14:47,222 [Worker-2: Building] INFO  o.a.m.s.f.DefaultMavenResourcesFiltering - Copying 1 resource from src\main\resources to target\classes
2026-02-20 00:14:47,254 [Worker-2: Building] INFO  o.a.m.s.f.DefaultMavenResourcesFiltering - Copying 7 resources from src\main\resources to target\classes
2026-02-20 00:14:47,332 [Worker-2: Building] INFO  o.a.m.s.f.DefaultMavenResourcesFiltering - skip non existing resourceDirectory C:\GitHub\Java & SpringBoot\CollegeMajorProject\CarrerSathi\CarrerSathi\src\test\resources
2026-02-20 00:14:50,313 [Worker-14: Building] INFO  o.a.m.s.f.DefaultMavenResourcesFiltering - Copying 1 resource from src\main\resources to target\classes
2026-02-20 00:14:50,318 [Worker-14: Building] INFO  o.a.m.s.f.DefaultMavenResourcesFiltering - Copying 7 resources from src\main\resources to target\classes
2026-02-20 00:14:50,380 [Worker-14: Building] INFO  o.a.m.s.f.DefaultMavenResourcesFiltering - skip non existing resourceDirectory C:\GitHub\Java & SpringBoot\CollegeMajorProject\CarrerSathi\CarrerSathi\src\test\resources
2026-02-20 00:55:56,861 [Worker-0: Building] INFO  o.a.m.s.f.DefaultMavenResourcesFiltering - Copying 1 resource from src\main\resources to target\classes
2026-02-20 00:55:56,983 [Worker-0: Building] INFO  o.a.m.s.f.DefaultMavenResourcesFiltering - Copying 7 resources from src\main\resources to target\classes
2026-02-20 00:55:56,999 [Worker-0: Building] INFO  o.a.m.s.f.DefaultMavenResourcesFiltering - skip non existing resourceDirectory C:\GitHub\Java & SpringBoot\CollegeMajorProject\CarrerSathi\CarrerSathi\src\test\resources
2026-02-20 00:56:07,574 [Worker-7: Building] INFO  o.a.m.s.f.DefaultMavenResourcesFiltering - Copying 1 resource from src\main\resources to target\classes
2026-02-20 00:56:07,612 [Worker-7: Building] INFO  o.a.m.s.f.DefaultMavenResourcesFiltering - Copying 7 resources from src\main\resources to target\classes
2026-02-20 00:56:07,632 [Worker-7: Building] INFO  o.a.m.s.f.DefaultMavenResourcesFiltering - skip non existing resourceDirectory C:\GitHub\Java & SpringBoot\CollegeMajorProject\CarrerSathi\CarrerSathi\src\test\resources
2026-02-20 00:59:36,665 [Worker-9: Building] INFO  o.a.m.s.f.DefaultMavenResourcesFiltering - Copying 1 resource from src\main\resources to target\classes
2026-02-20 00:59:36,690 [Worker-9: Building] INFO  o.a.m.s.f.DefaultMavenResourcesFiltering - Copying 7 resources from src\main\resources to target\classes
2026-02-20 00:59:36,707 [Worker-9: Building] INFO  o.a.m.s.f.DefaultMavenResourcesFiltering - skip non existing resourceDirectory C:\GitHub\Java & SpringBoot\CollegeMajorProject\CarrerSathi\CarrerSathi\src\test\resources
2026-02-20 00:59:39,505 [Worker-18: Building] INFO  o.a.m.s.f.DefaultMavenResourcesFiltering - Copying 1 resource from src\main\resources to target\classes
2026-02-20 00:59:39,525 [Worker-18: Building] INFO  o.a.m.s.f.DefaultMavenResourcesFiltering - Copying 7 resources from src\main\resources to target\classes
2026-02-20 00:59:39,537 [Worker-18: Building] INFO  o.a.m.s.f.DefaultMavenResourcesFiltering - skip non existing resourceDirectory C:\GitHub\Java & SpringBoot\CollegeMajorProject\CarrerSathi\CarrerSathi\src\test\resources
2026-02-20 01:06:48,208 [Worker-29: Building] INFO  o.a.m.s.f.DefaultMavenResourcesFiltering - Copying 1 resource from src\main\resources to target\classes
2026-02-20 01:06:48,250 [Worker-29: Building] INFO  o.a.m.s.f.DefaultMavenResourcesFiltering - Copying 7 resources from src\main\resources to target\classes
2026-02-20 01:06:48,267 [Worker-29: Building] INFO  o.a.m.s.f.DefaultMavenResourcesFiltering - skip non existing resourceDirectory C:\GitHub\Java & SpringBoot\CollegeMajorProject\CarrerSathi\CarrerSathi\src\test\resources
2026-02-20 01:13:58,847 [Worker-1: Building] INFO  o.a.m.s.f.DefaultMavenResourcesFiltering - Copying 1 resource from src\main\resources to target\classes
2026-02-20 01:13:58,919 [Worker-1: Building] INFO  o.a.m.s.f.DefaultMavenResourcesFiltering - Copying 7 resources from src\main\resources to target\classes
2026-02-20 01:13:58,938 [Worker-1: Building] INFO  o.a.m.s.f.DefaultMavenResourcesFiltering - skip non existing resourceDirectory C:\GitHub\Java & SpringBoot\CollegeMajorProject\CarrerSathi\CarrerSathi\src\test\resources
2026-02-20 01:20:19,005 [Worker-18: Building] INFO  o.a.m.s.f.DefaultMavenResourcesFiltering - Copying 1 resource from src\main\resources to target\classes
2026-02-20 01:20:19,033 [Worker-18: Building] INFO  o.a.m.s.f.DefaultMavenResourcesFiltering - Copying 7 resources from src\main\resources to target\classes
2026-02-20 01:20:19,050 [Worker-18: Building] INFO  o.a.m.s.f.DefaultMavenResourcesFiltering - skip non existing resourceDirectory C:\GitHub\Java & SpringBoot\CollegeMajorProject\CarrerSathi\CarrerSathi\src\test\resources
2026-02-20 01:20:56,271 [Worker-2: Building] INFO  o.a.m.s.f.DefaultMavenResourcesFiltering - Copying 1 resource from src\main\resources to target\classes
2026-02-20 01:20:56,305 [Worker-2: Building] INFO  o.a.m.s.f.DefaultMavenResourcesFiltering - Copying 7 resources from src\main\resources to target\classes
2026-02-20 01:20:56,321 [Worker-2: Building] INFO  o.a.m.s.f.DefaultMavenResourcesFiltering - skip non existing resourceDirectory C:\GitHub\Java & SpringBoot\CollegeMajorProject\CarrerSathi\CarrerSathi\src\test\resources
2026-02-20 01:24:07,668 [Worker-19: Building] INFO  o.a.m.s.f.DefaultMavenResourcesFiltering - Copying 1 resource from src\main\resources to target\classes
2026-02-20 01:24:07,695 [Worker-19: Building] INFO  o.a.m.s.f.DefaultMavenResourcesFiltering - Copying 7 resources from src\main\resources to target\classes
2026-02-20 01:24:07,707 [Worker-19: Building] INFO  o.a.m.s.f.DefaultMavenResourcesFiltering - skip non existing resourceDirectory C:\GitHub\Java & SpringBoot\CollegeMajorProject\CarrerSathi\CarrerSathi\src\test\resources
2026-02-20 01:27:04,803 [Worker-18: Building] INFO  o.a.m.s.f.DefaultMavenResourcesFiltering - Copying 0 resource from src\main\resources to target\classes
2026-02-20 01:27:04,810 [Worker-18: Building] INFO  o.a.m.s.f.DefaultMavenResourcesFiltering - Copying 0 resource from src\main\resources to target\classes
2026-02-20 01:27:04,818 [Worker-18: Building] INFO  o.a.m.s.f.DefaultMavenResourcesFiltering - skip non existing resourceDirectory C:\GitHub\Java & SpringBoot\CollegeMajorProject\CarrerSathi\CarrerSathi\src\test\resources
2026-02-20 01:35:58,026 [Worker-21: Building] INFO  o.a.m.s.f.DefaultMavenResourcesFiltering - Copying 1 resource from src\main\resources to target\classes
2026-02-20 01:35:58,078 [Worker-21: Building] INFO  o.a.m.s.f.DefaultMavenResourcesFiltering - Copying 7 resources from src\main\resources to target\classes
2026-02-20 01:35:58,093 [Worker-21: Building] INFO  o.a.m.s.f.DefaultMavenResourcesFiltering - skip non existing resourceDirectory C:\GitHub\Java & SpringBoot\CollegeMajorProject\CarrerSathi\CarrerSathi\src\test\resources
2026-02-20 01:39:53,530 [Worker-6: Building] INFO  o.a.m.s.f.DefaultMavenResourcesFiltering - Copying 1 resource from src\main\resources to target\classes
2026-02-20 01:39:53,594 [Worker-6: Building] INFO  o.a.m.s.f.DefaultMavenResourcesFiltering - Copying 7 resources from src\main\resources to target\classes
2026-02-20 01:39:53,614 [Worker-6: Building] INFO  o.a.m.s.f.DefaultMavenResourcesFiltering - skip non existing resourceDirectory C:\GitHub\Java & SpringBoot\CollegeMajorProject\CarrerSathi\CarrerSathi\src\test\resources
2026-02-20 01:43:00,869 [Worker-7: Building] INFO  o.a.m.s.f.DefaultMavenResourcesFiltering - Copying 1 resource from src\main\resources to target\classes
2026-02-20 01:43:00,912 [Worker-7: Building] INFO  o.a.m.s.f.DefaultMavenResourcesFiltering - Copying 7 resources from src\main\resources to target\classes
2026-02-20 01:43:00,928 [Worker-7: Building] INFO  o.a.m.s.f.DefaultMavenResourcesFiltering - skip non existing resourceDirectory C:\GitHub\Java & SpringBoot\CollegeMajorProject\CarrerSathi\CarrerSathi\src\test\resources
2026-02-20 01:43:10,380 [Worker-10: Building] INFO  o.a.m.s.f.DefaultMavenResourcesFiltering - Copying 1 resource from src\main\resources to target\classes
2026-02-20 01:43:10,413 [Worker-10: Building] INFO  o.a.m.s.f.DefaultMavenResourcesFiltering - Copying 7 resources from src\main\resources to target\classes
2026-02-20 01:43:10,428 [Worker-10: Building] INFO  o.a.m.s.f.DefaultMavenResourcesFiltering - skip non existing resourceDirectory C:\GitHub\Java & SpringBoot\CollegeMajorProject\CarrerSathi\CarrerSathi\src\test\resources
2026-02-20 01:46:16,597 [Worker-9: Building] INFO  o.a.m.s.f.DefaultMavenResourcesFiltering - Copying 1 resource from src\main\resources to target\classes
2026-02-20 01:46:16,620 [Worker-9: Building] INFO  o.a.m.s.f.DefaultMavenResourcesFiltering - Copying 7 resources from src\main\resources to target\classes
2026-02-20 01:46:16,635 [Worker-9: Building] INFO  o.a.m.s.f.DefaultMavenResourcesFiltering - skip non existing resourceDirectory C:\GitHub\Java & SpringBoot\CollegeMajorProject\CarrerSathi\CarrerSathi\src\test\resources
2026-02-20 01:46:45,627 [Worker-18: Building] INFO  o.a.m.s.f.DefaultMavenResourcesFiltering - Copying 1 resource from src\main\resources to target\classes
2026-02-20 01:46:45,649 [Worker-18: Building] INFO  o.a.m.s.f.DefaultMavenResourcesFiltering - Copying 7 resources from src\main\resources to target\classes
2026-02-20 01:46:45,662 [Worker-18: Building] INFO  o.a.m.s.f.DefaultMavenResourcesFiltering - skip non existing resourceDirectory C:\GitHub\Java & SpringBoot\CollegeMajorProject\CarrerSathi\CarrerSathi\src\test\resources
2026-02-20 01:54:15,056 [Worker-19: Building] INFO  o.a.m.s.f.DefaultMavenResourcesFiltering - Copying 0 resource from src\main\resources to target\classes
2026-02-20 01:54:15,061 [Worker-19: Building] INFO  o.a.m.s.f.DefaultMavenResourcesFiltering - Copying 0 resource from src\main\resources to target\classes
2026-02-20 01:54:15,065 [Worker-19: Building] INFO  o.a.m.s.f.DefaultMavenResourcesFiltering - skip non existing resourceDirectory C:\GitHub\Java & SpringBoot\CollegeMajorProject\CarrerSathi\CarrerSathi\src\test\resources
2026-02-21 01:16:47,942 [Worker-32: Building] INFO  o.a.m.s.f.DefaultMavenResourcesFiltering - Copying 1 resource from src\main\resources to target\classes
2026-02-21 01:16:48,119 [Worker-32: Building] INFO  o.a.m.s.f.DefaultMavenResourcesFiltering - Copying 7 resources from src\main\resources to target\classes
2026-02-21 01:16:48,136 [Worker-32: Building] INFO  o.a.m.s.f.DefaultMavenResourcesFiltering - skip non existing resourceDirectory C:\GitHub\Java & SpringBoot\CollegeMajorProject\CarrerSathi\CarrerSathi\src\test\resources
